<?xml version="1.0" encoding="UTF-8"?>
<!-- Generated by org.testng.reporters.JUnitReportReporter -->
<testsuite hostname="pmma-PC" name="org.testing.TestScripts.TC3" tests="1" failures="0" timestamp="10 Jan 2020 18:26:56 GMT" time="42.857" errors="0">
  <testcase name="log3" time="42.857" classname="org.testing.TestScripts.TC3"/>
</testsuite> <!-- org.testing.TestScripts.TC3 -->
