<?xml version="1.0" encoding="UTF-8"?>
<!-- Generated by org.testng.reporters.JUnitReportReporter -->
<testsuite hostname="pmma-PC" name="org.testing.TestScripts.TC2" tests="1" failures="0" timestamp="10 Jan 2020 18:26:56 GMT" time="63.015" errors="0">
  <testcase name="log1" time="63.015" classname="org.testing.TestScripts.TC2"/>
</testsuite> <!-- org.testing.TestScripts.TC2 -->
