<?xml version="1.0" encoding="UTF-8"?>
<!-- Generated by org.testng.reporters.JUnitReportReporter -->
<testsuite hostname="pmma-PC" name="org.testing.TestScripts.TC1" tests="1" failures="0" timestamp="10 Jan 2020 18:26:56 GMT" time="46.907" errors="0">
  <testcase name="log" time="46.907" classname="org.testing.TestScripts.TC1"/>
</testsuite> <!-- org.testing.TestScripts.TC1 -->
