<?xml version="1.0" encoding="UTF-8"?>
<!-- Generated by org.testng.reporters.JUnitReportReporter -->
<testsuite hostname="pmma-PC" name="org.testing.TestScripts.TC5" tests="1" failures="0" timestamp="10 Jan 2020 18:26:56 GMT" time="43.118" errors="0">
  <testcase name="log5" time="43.118" classname="org.testing.TestScripts.TC5"/>
</testsuite> <!-- org.testing.TestScripts.TC5 -->
